<?xml version="1.0" encoding="UTF-8"?>
<testng-results total="1" passed="1" failed="0" skipped="0">
  <reporter-output>
  </reporter-output>
  <suite started-at="2024-08-24T17:07:46Z" name="test.com.itexps.CalculatorTest" finished-at="2024-08-24T17:07:46Z" duration-ms="34">
    <groups>
    </groups>
    <test started-at="2024-08-24T17:07:46Z" name="Command line test" finished-at="2024-08-24T17:07:46Z" duration-ms="34">
      <class name="test.com.itexps.CalculatorTest">
        <test-method is-config="true" signature="setUpClass()[pri:0, instance:test.com.itexps.CalculatorTest@5bb21b69]" started-at="2024-08-24T12:07:46Z" name="setUpClass" finished-at="2024-08-24T12:07:46Z" duration-ms="12" status="PASS">
          <reporter-output>
          </reporter-output>
        </test-method> <!-- setUpClass -->
        <test-method is-config="true" signature="setUpMethod()[pri:0, instance:test.com.itexps.CalculatorTest@5bb21b69]" started-at="2024-08-24T12:07:46Z" name="setUpMethod" finished-at="2024-08-24T12:07:46Z" duration-ms="4" status="PASS">
          <reporter-output>
          </reporter-output>
        </test-method> <!-- setUpMethod -->
        <test-method signature="testAdd()[pri:0, instance:test.com.itexps.CalculatorTest@5bb21b69]" started-at="2024-08-24T12:07:46Z" name="testAdd" finished-at="2024-08-24T12:07:46Z" duration-ms="3" status="PASS">
          <reporter-output>
          </reporter-output>
        </test-method> <!-- testAdd -->
        <test-method is-config="true" signature="tearDownMethod()[pri:0, instance:test.com.itexps.CalculatorTest@5bb21b69]" started-at="2024-08-24T12:07:46Z" name="tearDownMethod" finished-at="2024-08-24T12:07:46Z" duration-ms="1" status="PASS">
          <reporter-output>
          </reporter-output>
        </test-method> <!-- tearDownMethod -->
        <test-method is-config="true" signature="tearDownClass()[pri:0, instance:test.com.itexps.CalculatorTest@5bb21b69]" started-at="2024-08-24T12:07:46Z" name="tearDownClass" finished-at="2024-08-24T12:07:46Z" duration-ms="0" status="PASS">
          <reporter-output>
          </reporter-output>
        </test-method> <!-- tearDownClass -->
      </class> <!-- test.com.itexps.CalculatorTest -->
    </test> <!-- Command line test -->
  </suite> <!-- test.com.itexps.CalculatorTest -->
</testng-results>
